<?xml version="1.0" encoding="UTF-8"?>
<!-- Generated by org.testng.reporters.JUnitXMLReporter -->
<testsuite hostname="in-debas.local" ignored="0" name="Test" tests="3" failures="0" timestamp="24 Dec 2019 06:33:52 GMT" time="17.239" errors="0">
  <testcase name="Test1" time="5.95" classname="com.AutomationTalks.demoProject1.TestClass1"/>
  <testcase name="Test2" time="4.858" classname="com.AutomationTalks.demoProject1.TestClass1"/>
  <testcase name="Test3" time="4.206" classname="com.AutomationTalks.demoProject1.TestClass1"/>
</testsuite> <!-- Test -->
