<?xml version="1.0" encoding="UTF-8"?>
<!-- Generated by org.testng.reporters.JUnitXMLReporter -->
<testsuite hostname="in-debas.local" ignored="0" name="Test" tests="3" failures="0" timestamp="17 Dec 2019 06:32:05 GMT" time="23.957" errors="0">
  <testcase name="Test1" time="5.278" classname="com.AutomationTalks.demoProject1.TestClass1"/>
  <testcase name="Test2" time="12.204" classname="com.AutomationTalks.demoProject1.TestClass1"/>
  <testcase name="Test3" time="4.404" classname="com.AutomationTalks.demoProject1.TestClass1"/>
</testsuite> <!-- Test -->
